3861
3515
3327
3417
3514
3380
3671
3599
3590
3552
3363
3430
3283
3226
3186
3113
2976
3122
3162
3006
2986
3005
2930
3158
3353
3328
3335
3446
3414
3280
3301
3339
3277
3326
3085
3190
3339
3203
3287
3333
3120
2945
2918
2813
2974
3069
2913
2830
3113
3260
3039
2884
2991
3093
2960
3149
3149
3209
3581
3317
3317
3661
3163
3270
3199
3038
2984
2935
2878
2738
2738
2955
3089
2998
2830
2868
2856
2978
2810
2779
3002
3386
3188
2928
3090
2713
2826
2826
2826
2986
2877
3001
3105
2805
2801
2906
2804
2930
3110
2736
4324
4344
3906
3675
3391
3402
3456
3312
3474
3156
3150
3046
3139
3139
3528
3383
3283
3323
3518
3201
3256
3157
3128
3079
3182
3041
3178
3223
3260
3178
3564
3661
3661
3580
3351
3427
3263
3257
3208
3227
3303
3303
2973
2973
2963
2754
2862
2938
3110
3105
3275
3173
2914
2925
3162
2972
3010
3105
3170
3170
3352
3401
3393
3279
3435
3370
3433
3417
3330
3311
3465
3214
3274
2887
2717
2738
2819
2829
2829
2907
2787
2787
2701
2778
2840
2840
2812
2813
2874
3172
3116
3116
3226
3284
3304
3234
3289
3273
3245
3184
4048
3690
3714
3591
3555
3179
3110
3147
3271
3252
3064
3130
2977
2975
2998
3006
2988
3067
3152
3333
3461
3437
3406
3566
3457
3428
3346
3280
3360
3314
3249
3219
3030
3168
3202
3470
3433
3304
3039
3077
3077
2914
2781
2933
2933
2913
2913
3075
3044
3084
3141
3113
3153
3326
3430
3457
3123
3301
3170
3457
3403
3336
3203
3143
3103
3103
3209
3052
3174
3414
3522
3386
3332
3375
3375
3111
3111
3129
3117
3138
3116
3116
3092
3140
3257
3257
3257
3288
3233
3139
3245
3341
3391
3397
3313
3105
2956
3100
3065
3090
3405
3287
3199
3121
3115
3125
2999
2999
3483
3275
3170
3117
3170
3158
3216
3271
3271
3347
3395
3376
3355
3457
3508
3687
3557
3544
3484
3482
3254
3030
3142
3078
3107
2918
2866
2623
2749
2781
2844
3162
3162
2954
2968
3044
3159
3159
3418
3375
3121
3341
3589
3454
3481
3279
3468
3525
3446
3172
3172
3150
3150
3042
3138
3293
3325
3471
3649
3762
3547
3342
3164
3164
3452
3520
3372
3263
3312
3282
3295
3370
3347
3271
3237
3545
3324
3491
3826
3898
3745
3286
3557
3463
3305
3280
2908
3069
2847
3003
3076
3167
4037
3789
3746
3347
3498
3428
3564
3286
3280
3021
3503
3651
3287
3172
3178
3269
3238
3168
3232
3135
3331
3331
3500
3395
3553
3528
3632
3423
3483
3369
3433
3324
3286
3372
3122
3345
3293
3112
2945
2992
2972
3000
3093
3059
3060
3149
3212
3312
3315
3144
3225
3347
3262
3226
3132
2975
2876
3121
3220
3079
2840
2922
2850
2771
3045
2868
3090
2857
2987
3197
3238
3089
3131
3150
3124
3124
3142
3260
3454
3451
3510
3358
3237
3177
3172
3172
2963
3025
3081
3081
3340
3710
3710
3322
3358
3358
3445
3393
3504
3464
4313
3914
3711
3658
3596
3216
3312
2920
2877
2900
2933
3046
3017
3044
3044
2882
2898
2879
3047
3009
2996
3136
3224
3224
3250
3262
3274
3280
3244
3092
3153
3049
3049
2886
2854
2793
2792
2917
2786
2869
3032
3025
2968
3047
3293
3232
3117
3336
3363
3338
3448
3144
3001
2891
2860
2860
2860
2846
2837
2939
3100
2997
2911
2852
3074
3601
3226
3186
3246
3193
3352
3246
3616
3375
3555
3555
3566
3232
3232
3309
3588
3468
3415
3463
3463
3463
3045
3032
2982
3010
2962
2986
2914
2914
3123
3402
3436
3436
3535
3535
4395
4146
3831
3447
3370
3399
3373
3465
3463
3933
3713
3600
3252
3177
3133
3159
3187
2948
2972
2920
2920
2920
2885
2885
2812
3250
3489
3489
3461
3280
3513
3513
3276
3319
3303
3279
3543
3443
3444
3560
3617
3765
3649
3623
3409
3492
3366
3241
3182
3275
3437
3540
3756
3445
3326
3326
3411
3149
3342
3223
3045
2969
3079
3079
2929
2970
3058
3058
3058
3372
3257
3257
3414
3110
3317
3369
3047
3063
3041
3079
3099
3099
3041
3041
3111
3499
3499
3649
3649
3574
3500
3597
3322
3297
3370
3167
3390
3254
3277
3289
3977
3708
3546
3132
3154
2880
3070
2768
2768
2869
3023
3335
3120
3001
2841
3048
3134
3522
3473
3452
3390
3483
3483
3364
3171
3171
3109
3040
3066
3137
3103
3339
3399
3313
3026
2957
2938
2877
2952
2952
3036
3222
3317
2975
2893
2931
2992
2819
2693
2927
3108
3353
3096
2792
3139
3139
3139
3078
2894
3079
3018
3075
3153
3153
3348
3265
3033
2995
3036
3044
2932
2993
2932
2993
2998
2976
2945
3180
2960
2941
2998
3060
3199
3406
3439
3354
3295
3292
3292
3317
3959
4041
3627
3787
3742
3828
3695
3712
3660
3592
4024
3802
3820
3681
3553
3519
3283
3184
3182
3051
2787
2692
2692
2861
2861
3027
2866
2706
2693
2879
2876
2726
2747
3000
3012
3138
2904
2904
2904
3164
3023
3102
3038
3148
3220
3219
3270
3198
3250
3011
3237
3578
3277
3110
3140
3204
3042
2958
2925
2998
2979
2999
2886
2931
2931
3069
3278
3094
3129
3242
3057
3261
3261
3257
3066
3003
2978
3030
3043
2991
2954
2984
2968
2928
2827
3054
3120
3117
3102
3239
3494
3494
3576
3607
3535
3402
3419
3305
3696
3653
3644
3736
3516
3569
3473
3619
3460
3342
3269
3637
3796
3634
3630
3500
3600
3497
3175
3078
3269
3106
2928
2928
3104
3265
3188
3141
3141
2868
2840
2996
2960
2837
2767
2767
2783
3069
3069
3310
3262
3246
3349
3658
3643
3542
3181
3196
3094
3211
3166
3035
3457
3214
2923
3133
3294
3446
3406
3173
3259
3155
3155
3180
3192
3311
3287
3324
3274
3137
3308
3041
2981
3063
3113
3204
3204
3143
3118
3070
3122
3122
3018
3117
3092
3092
3073
3054
3133
3187
3406
3507
3260
3207
3131
3204
3204
3085
3026
3080
3052
2938
2938
3030
3030
2852
3101
3365
3091
3084
3056
3039
