Route 1
Number of nodes: 3
Total truck load: 45
On route from - to: 18:35 - 6:39
Node 1 (X: 213, Y: 75)
	Boxes left: 15
	Unpacking from - to: 23:0 - 0:0
Node 2 (X: 220, Y: 186)
	Boxes left: 15
	Unpacking from - to: 2:13 - 3:13
Node 3 (X: 267, Y: 228)
	Boxes left: 15
	Unpacking from - to: 4:28 - 5:28

Route 2
Number of nodes: 1
Total truck load: 15
On route from - to: 21:46 - 1:14
Node 1 (X: 249, Y: 313)
	Boxes left: 15
	Unpacking from - to: 23:0 - 0:0

Route 3
Number of nodes: 4
Total truck load: 54
On route from - to: 19:27 - 6:47
Node 1 (X: 144, Y: 364)
	Boxes left: 9
	Unpacking from - to: 23:0 - 23:36
Node 2 (X: 159, Y: 387)
	Boxes left: 15
	Unpacking from - to: 0:8 - 1:8
Node 3 (X: 215, Y: 368)
	Boxes left: 15
	Unpacking from - to: 2:18 - 3:18
Node 4 (X: 275, Y: 318)
	Boxes left: 15
	Unpacking from - to: 4:51 - 5:51

Route 4
Number of nodes: 3
Total truck load: 45
On route from - to: 19:57 - 6:5
Node 1 (X: 249, Y: 422)
	Boxes left: 15
	Unpacking from - to: 23:0 - 0:0
Node 2 (X: 281, Y: 410)
	Boxes left: 15
	Unpacking from - to: 0:41 - 1:41
Node 3 (X: 340, Y: 367)
	Boxes left: 15
	Unpacking from - to: 3:8 - 4:8

Route 5
Number of nodes: 3
Total truck load: 45
On route from - to: 19:1 - 7:48
Node 1 (X: 450, Y: 410)
	Boxes left: 15
	Unpacking from - to: 23:0 - 0:0
Node 2 (X: 359, Y: 449)
	Boxes left: 15
	Unpacking from - to: 1:58 - 2:58
Node 3 (X: 310, Y: 401)
	Boxes left: 15
	Unpacking from - to: 4:20 - 5:20

Route 6
Number of nodes: 2
Total truck load: 30
On route from - to: 17:23 - 6:37
Node 1 (X: 74, Y: 111)
	Boxes left: 15
	Unpacking from - to: 23:0 - 0:0
Node 2 (X: 159, Y: 185)
	Boxes left: 15
	Unpacking from - to: 2:15 - 3:15

Route 7
Number of nodes: 3
Total truck load: 45
On route from - to: 22:24 - 3:51
Node 1 (X: 329, Y: 268)
	Boxes left: 15
	Unpacking from - to: 23:0 - 0:0
Node 2 (X: 346, Y: 305)
	Boxes left: 15
	Unpacking from - to: 0:48 - 1:48
Node 3 (X: 319, Y: 294)
	Boxes left: 15
	Unpacking from - to: 2:22 - 3:22

Route 8
Number of nodes: 3
Total truck load: 36
On route from - to: 20:33 - 10:44
Node 1 (X: 420, Y: 306)
	Boxes left: 15
	Unpacking from - to: 23:0 - 0:0
Node 2 (X: 437, Y: 182)
	Boxes left: 6
	Unpacking from - to: 2:30 - 2:54
Node 3 (X: 433, Y: 79)
	Boxes left: 15
	Unpacking from - to: 4:57 - 5:57

Route 9
Number of nodes: 4
Total truck load: 51
On route from - to: 20:3 - 8:51
Node 1 (X: 144, Y: 364)
	Boxes left: 6
	Unpacking from - to: 23:36 - 0:0
Node 2 (X: 89, Y: 319)
	Boxes left: 15
	Unpacking from - to: 1:25 - 2:25
Node 3 (X: 113, Y: 326)
	Boxes left: 15
	Unpacking from - to: 2:55 - 3:55
Node 4 (X: 139, Y: 303)
	Boxes left: 15
	Unpacking from - to: 4:36 - 5:36

Route 10
Number of nodes: 2
Total truck load: 30
On route from - to: 19:57 - 4:6
Node 1 (X: 152, Y: 240)
	Boxes left: 15
	Unpacking from - to: 23:0 - 0:0
Node 2 (X: 193, Y: 265)
	Boxes left: 15
	Unpacking from - to: 0:57 - 1:57

Route 11
Number of nodes: 4
Total truck load: 54
On route from - to: 19:34 - 9:22
Node 1 (X: 471, Y: 262)
	Boxes left: 15
	Unpacking from - to: 23:0 - 0:0
Node 2 (X: 503, Y: 261)
	Boxes left: 15
	Unpacking from - to: 0:38 - 1:38
Node 3 (X: 437, Y: 182)
	Boxes left: 9
	Unpacking from - to: 3:41 - 4:17
Node 4 (X: 428, Y: 156)
	Boxes left: 15
	Unpacking from - to: 4:50 - 5:50

